2026-07-12T05:01:10.871246517Z INFO  [target  ] using endpoint resolved by profiling control node="jetsonx" endpoint="http://155.230.34.179:9102/metrics"
2026-07-12T05:01:10.871348246Z INFO  [target  ] power source ready node="jetsonx" endpoint="http://155.230.34.179:9102/metrics"
2026-07-12T05:01:10.964029728Z INFO  [sync    ] published observer-ready signal path="/coordination/observer-ready"
2026-07-12T05:01:10.964082976Z INFO  [sync    ] waiting for workload measurement signal path="/coordination/measurement-start"
2026-07-12T05:05:43.754736065Z INFO  [sync    ] workload measurement signal received
2026-07-12T05:05:43.758842901Z INFO  [observe ] starting bounded power observation interval="1s" duration="30s" requestTimeout="500ms"
2026-07-12T05:06:13.763635389Z INFO  [observe ] power observation completed

--- CHILL POWER OBSERVATION RESULT ---------------------------
node                    : jetsonx
endpoint                : http://155.230.34.179:9102/metrics
metric                  : shelly_power_total_watts
window                  : 2026-07-12T05:05:43.760360573Z -> 2026-07-12T05:06:13.763414492Z
samples                 : 30 successful / 0 failed
watts mean / min / max  : 23.007 / 11.700 / 24.400 W
request latency mean    : 190.09 ms
request latency p95     : 195.41 ms
maximum sample gap      : 1.006 s
sample timestamp        : observer receipt time
---------------------------------------------------------------
POWER_OBSERVATION_JSON {"source":{"kind":"edge-metrics","nodeName":"jetsonx","endpoint":"http://155.230.34.179:9102/metrics","metric":"shelly_power_total_watts"},"startedAt":"2026-07-12T05:05:43.760360573Z","endedAt":"2026-07-12T05:06:13.763414492Z","samples":[{"observedAt":"2026-07-12T05:05:43.978281909Z","watts":11.7,"requestLatencySeconds":0.215323339},{"observedAt":"2026-07-12T05:05:44.959474867Z","watts":24.4,"requestLatencySeconds":0.195413384},{"observedAt":"2026-07-12T05:05:45.951503783Z","watts":23.4,"requestLatencySeconds":0.187924579},{"observedAt":"2026-07-12T05:05:46.952681832Z","watts":23.5,"requestLatencySeconds":0.189570219},{"observedAt":"2026-07-12T05:05:47.956729559Z","watts":23.2,"requestLatencySeconds":0.192661946},{"observedAt":"2026-07-12T05:05:48.952297469Z","watts":23.6,"requestLatencySeconds":0.188934568},{"observedAt":"2026-07-12T05:05:49.953358366Z","watts":23.4,"requestLatencySeconds":0.189252522},{"observedAt":"2026-07-12T05:05:50.953491098Z","watts":23.3,"requestLatencySeconds":0.189530124},{"observedAt":"2026-07-12T05:05:51.950957832Z","watts":23.3,"requestLatencySeconds":0.187596641},{"observedAt":"2026-07-12T05:05:52.956474879Z","watts":23.3,"requestLatencySeconds":0.193482975},{"observedAt":"2026-07-12T05:05:53.953349611Z","watts":23.4,"requestLatencySeconds":0.189397098},{"observedAt":"2026-07-12T05:05:54.955436817Z","watts":23.3,"requestLatencySeconds":0.191639446},{"observedAt":"2026-07-12T05:05:55.953014016Z","watts":23.5,"requestLatencySeconds":0.189188425},{"observedAt":"2026-07-12T05:05:56.952469753Z","watts":23.5,"requestLatencySeconds":0.189042569},{"observedAt":"2026-07-12T05:05:57.950550219Z","watts":23.3,"requestLatencySeconds":0.187427361},{"observedAt":"2026-07-12T05:05:58.951928781Z","watts":23.4,"requestLatencySeconds":0.187725122},{"observedAt":"2026-07-12T05:05:59.952112585Z","watts":23.2,"requestLatencySeconds":0.188119236},{"observedAt":"2026-07-12T05:06:00.955084115Z","watts":23.3,"requestLatencySeconds":0.191938135},{"observedAt":"2026-07-12T05:06:01.950169782Z","watts":23.7,"requestLatencySeconds":0.187038654},{"observedAt":"2026-07-12T05:06:02.9514662Z","watts":23.4,"requestLatencySeconds":0.187521921},{"observedAt":"2026-07-12T05:06:03.952849147Z","watts":23.2,"requestLatencySeconds":0.188971561},{"observedAt":"2026-07-12T05:06:04.952337619Z","watts":23.6,"requestLatencySeconds":0.189211113},{"observedAt":"2026-07-12T05:06:05.949607393Z","watts":23.3,"requestLatencySeconds":0.185863257},{"observedAt":"2026-07-12T05:06:06.952746668Z","watts":23.4,"requestLatencySeconds":0.188780071},{"observedAt":"2026-07-12T05:06:07.950473788Z","watts":23.3,"requestLatencySeconds":0.187230527},{"observedAt":"2026-07-12T05:06:08.951489853Z","watts":23.4,"requestLatencySeconds":0.188473734},{"observedAt":"2026-07-12T05:06:09.954045157Z","watts":23.3,"requestLatencySeconds":0.190901746},{"observedAt":"2026-07-12T05:06:10.951644436Z","watts":23.1,"requestLatencySeconds":0.188516742},{"observedAt":"2026-07-12T05:06:11.952480372Z","watts":23.2,"requestLatencySeconds":0.188459078},{"observedAt":"2026-07-12T05:06:12.950845607Z","watts":23.3,"requestLatencySeconds":0.187704354}],"failures":null,"summary":{"attempts":30,"successfulSamples":30,"failures":0,"observationDurationSeconds":30.003054495,"meanRequestLatencySeconds":0.1900946815666667,"p95RequestLatencySeconds":0.195413384,"maximumSampleGapSeconds":1.005516919,"sourceTimestampAbsent":true}}
