2026-07-12T05:32:48.167300915Z INFO  [target  ] using endpoint resolved by profiling control node="jetsonx" endpoint="http://155.230.34.179:9102/metrics"
2026-07-12T05:32:48.167390323Z INFO  [target  ] power source ready node="jetsonx" endpoint="http://155.230.34.179:9102/metrics"
2026-07-12T05:32:48.167995862Z INFO  [sync    ] published observer-ready signal path="/coordination/observer-ready"
2026-07-12T05:32:48.168031319Z INFO  [sync    ] waiting for workload measurement signal path="/coordination/measurement-start"
2026-07-12T05:37:11.358624061Z INFO  [sync    ] workload measurement signal received
2026-07-12T05:37:11.3626765Z INFO  [observe ] starting bounded power observation interval="1s" duration="30s" requestTimeout="500ms"
2026-07-12T05:37:41.364323263Z INFO  [observe ] power observation completed

--- CHILL POWER OBSERVATION RESULT ---------------------------
node                    : jetsonx
endpoint                : http://155.230.34.179:9102/metrics
metric                  : shelly_power_total_watts
window                  : 2026-07-12T05:37:11.363799866Z -> 2026-07-12T05:37:41.364053821Z
samples                 : 30 successful / 0 failed
watts mean / min / max  : 22.700 / 12.000 / 24.900 W
request latency mean    : 197.21 ms
request latency p95     : 206.85 ms
maximum sample gap      : 1.017 s
sample timestamp        : observer receipt time
---------------------------------------------------------------
POWER_OBSERVATION_JSON {"source":{"kind":"edge-metrics","nodeName":"jetsonx","endpoint":"http://155.230.34.179:9102/metrics","metric":"shelly_power_total_watts"},"startedAt":"2026-07-12T05:37:11.363799866Z","endedAt":"2026-07-12T05:37:41.364053821Z","samples":[{"observedAt":"2026-07-12T05:37:11.664428986Z","watts":12,"requestLatencySeconds":0.298021553},{"observedAt":"2026-07-12T05:37:12.561908543Z","watts":12,"requestLatencySeconds":0.195416035},{"observedAt":"2026-07-12T05:37:13.563920093Z","watts":23.9,"requestLatencySeconds":0.196531626},{"observedAt":"2026-07-12T05:37:14.560175929Z","watts":23.1,"requestLatencySeconds":0.192935476},{"observedAt":"2026-07-12T05:37:15.559286054Z","watts":23.5,"requestLatencySeconds":0.192792787},{"observedAt":"2026-07-12T05:37:16.559918044Z","watts":23.3,"requestLatencySeconds":0.193280118},{"observedAt":"2026-07-12T05:37:17.559053129Z","watts":23.8,"requestLatencySeconds":0.191749901},{"observedAt":"2026-07-12T05:37:18.563808951Z","watts":23.5,"requestLatencySeconds":0.197196557},{"observedAt":"2026-07-12T05:37:19.557418148Z","watts":23.5,"requestLatencySeconds":0.190198821},{"observedAt":"2026-07-12T05:37:20.556248336Z","watts":23.2,"requestLatencySeconds":0.189691714},{"observedAt":"2026-07-12T05:37:21.560492954Z","watts":23.2,"requestLatencySeconds":0.193081109},{"observedAt":"2026-07-12T05:37:22.556374869Z","watts":23.1,"requestLatencySeconds":0.189491553},{"observedAt":"2026-07-12T05:37:23.558301234Z","watts":23.3,"requestLatencySeconds":0.191492588},{"observedAt":"2026-07-12T05:37:24.560897907Z","watts":23.3,"requestLatencySeconds":0.193906458},{"observedAt":"2026-07-12T05:37:25.559070363Z","watts":23.4,"requestLatencySeconds":0.191619533},{"observedAt":"2026-07-12T05:37:26.567925568Z","watts":23.1,"requestLatencySeconds":0.201121636},{"observedAt":"2026-07-12T05:37:27.560409927Z","watts":23.9,"requestLatencySeconds":0.193069557},{"observedAt":"2026-07-12T05:37:28.559656533Z","watts":23.6,"requestLatencySeconds":0.192705811},{"observedAt":"2026-07-12T05:37:29.560308587Z","watts":23.3,"requestLatencySeconds":0.193240919},{"observedAt":"2026-07-12T05:37:30.561787205Z","watts":23.4,"requestLatencySeconds":0.195115681},{"observedAt":"2026-07-12T05:37:31.559786188Z","watts":24.9,"requestLatencySeconds":0.192423026},{"observedAt":"2026-07-12T05:37:32.559394908Z","watts":23.6,"requestLatencySeconds":0.192223825},{"observedAt":"2026-07-12T05:37:33.558768491Z","watts":23.3,"requestLatencySeconds":0.191638702},{"observedAt":"2026-07-12T05:37:34.554339299Z","watts":23.2,"requestLatencySeconds":0.186922034},{"observedAt":"2026-07-12T05:37:35.560560025Z","watts":23.6,"requestLatencySeconds":0.193253398},{"observedAt":"2026-07-12T05:37:36.559856167Z","watts":23.6,"requestLatencySeconds":0.193220726},{"observedAt":"2026-07-12T05:37:37.560137979Z","watts":23.3,"requestLatencySeconds":0.193327671},{"observedAt":"2026-07-12T05:37:38.555736916Z","watts":23.4,"requestLatencySeconds":0.188353882},{"observedAt":"2026-07-12T05:37:39.572239685Z","watts":23.3,"requestLatencySeconds":0.205487837},{"observedAt":"2026-07-12T05:37:40.573989153Z","watts":23.4,"requestLatencySeconds":0.206845188}],"failures":null,"summary":{"attempts":30,"successfulSamples":30,"failures":0,"observationDurationSeconds":30.000255651,"meanRequestLatencySeconds":0.19721185739999997,"p95RequestLatencySeconds":0.206845188,"maximumSampleGapSeconds":1.016503153,"sourceTimestampAbsent":true}}
